Build started 7/14/2018 2:16:00 AM.
     1>Project "C:\Users\vaxoa\OneDrive\Desktop\delete\delete\delete.vcxproj" on node 2 (build target(s)).
     1>InitializeBuildStatus:
         Creating "Debug\delete.unsuccessfulbuild" because "AlwaysCreate" was specified.
       ClCompile:
         All outputs are up-to-date.
         F:\New Folder (1)\VC\bin\CL.exe /c /ZI /nologo /W3 /WX- /Od /Oy- /D WIN32 /D _DEBUG /D _WINDOWS /D _UNICODE /D UNICODE /Gm /EHsc /RTC1 /MDd /GS /fp:precise /Zc:wchar_t- /Zc:forScope /Yu"StdAfx.h" /Fp"Debug\delete.pch" /Fo"Debug\\" /Fd"Debug\vc100.pdb" /Gd /TP /analyze- /errorReport:prompt delete.cpp
         delete.cpp
       ResourceCompile:
         All outputs are up-to-date.
       ManifestResourceCompile:
         All outputs are up-to-date.
       Link:
         F:\New Folder (1)\VC\bin\link.exe /ERRORREPORT:PROMPT /OUT:"C:\Users\vaxoa\OneDrive\Desktop\delete\Debug\delete.exe" /INCREMENTAL /NOLOGO kernel32.lib user32.lib gdi32.lib winspool.lib comdlg32.lib advapi32.lib shell32.lib ole32.lib oleaut32.lib uuid.lib odbc32.lib odbccp32.lib /MANIFEST /ManifestFile:"Debug\delete.exe.intermediate.manifest" /MANIFESTUAC:"level='asInvoker' uiAccess='false'" /DEBUG /PDB:"C:\Users\vaxoa\OneDrive\Desktop\delete\Debug\delete.pdb" /SUBSYSTEM:WINDOWS /TLBID:1 /DYNAMICBASE /NXCOMPAT /IMPLIB:"C:\Users\vaxoa\OneDrive\Desktop\delete\Debug\delete.lib" /MACHINE:X86 Debug\delete.res
         Debug\delete.exe.embed.manifest.res
         Debug\delete.obj
         Debug\stdafx.obj
       Manifest:
         C:\Program Files (x86)\Microsoft SDKs\Windows\v7.0A\bin\mt.exe /nologo /verbose /out:"Debug\delete.exe.embed.manifest" /manifest Debug\delete.exe.intermediate.manifest
         All outputs are up-to-date.
       LinkEmbedManifest:
         All outputs are up-to-date.
         delete.vcxproj -> C:\Users\vaxoa\OneDrive\Desktop\delete\Debug\delete.exe
       FinalizeBuildStatus:
         Deleting file "Debug\delete.unsuccessfulbuild".
         Touching "Debug\delete.lastbuildstate".
     1>Done Building Project "C:\Users\vaxoa\OneDrive\Desktop\delete\delete\delete.vcxproj" (build target(s)).

Build succeeded.

Time Elapsed 00:00:01.12
