.\Debug\main.bsc
.\Debug\main.ilk
.\Debug\main.pdb
C:\Users\vaxoa\OneDrive\Documents\GitHub\WINAPI\new EditBox 1\.\Debug\main.exe
C:\Users\vaxoa\OneDrive\Documents\GitHub\WINAPI\new EditBox 1\.\Debug\main.exe.intermediate.manifest
C:\Users\vaxoa\OneDrive\Documents\GitHub\WINAPI\new EditBox 1\Debug\BscMake.command.1.tlog
C:\Users\vaxoa\OneDrive\Documents\GitHub\WINAPI\new EditBox 1\Debug\bscmake.read.1.tlog
C:\Users\vaxoa\OneDrive\Documents\GitHub\WINAPI\new EditBox 1\Debug\bscmake.write.1.tlog
C:\Users\vaxoa\OneDrive\Documents\GitHub\WINAPI\new EditBox 1\Debug\cl.command.1.tlog
C:\Users\vaxoa\OneDrive\Documents\GitHub\WINAPI\new EditBox 1\Debug\CL.read.1.tlog
C:\Users\vaxoa\OneDrive\Documents\GitHub\WINAPI\new EditBox 1\Debug\CL.write.1.tlog
C:\Users\vaxoa\OneDrive\Documents\GitHub\WINAPI\new EditBox 1\Debug\link.8352.read.1.tlog
C:\Users\vaxoa\OneDrive\Documents\GitHub\WINAPI\new EditBox 1\Debug\link.8352.write.1.tlog
C:\Users\vaxoa\OneDrive\Documents\GitHub\WINAPI\new EditBox 1\Debug\link.8352-cvtres.read.1.tlog
C:\Users\vaxoa\OneDrive\Documents\GitHub\WINAPI\new EditBox 1\Debug\link.8352-cvtres.write.1.tlog
C:\Users\vaxoa\OneDrive\Documents\GitHub\WINAPI\new EditBox 1\Debug\link.840.read.1.tlog
C:\Users\vaxoa\OneDrive\Documents\GitHub\WINAPI\new EditBox 1\Debug\link.840.write.1.tlog
C:\Users\vaxoa\OneDrive\Documents\GitHub\WINAPI\new EditBox 1\Debug\link.840-cvtres.read.1.tlog
C:\Users\vaxoa\OneDrive\Documents\GitHub\WINAPI\new EditBox 1\Debug\link.840-cvtres.write.1.tlog
C:\Users\vaxoa\OneDrive\Documents\GitHub\WINAPI\new EditBox 1\Debug\link.8464.read.1.tlog
C:\Users\vaxoa\OneDrive\Documents\GitHub\WINAPI\new EditBox 1\Debug\link.8464.write.1.tlog
C:\Users\vaxoa\OneDrive\Documents\GitHub\WINAPI\new EditBox 1\Debug\link.8464-cvtres.read.1.tlog
C:\Users\vaxoa\OneDrive\Documents\GitHub\WINAPI\new EditBox 1\Debug\link.8464-cvtres.write.1.tlog
C:\Users\vaxoa\OneDrive\Documents\GitHub\WINAPI\new EditBox 1\Debug\link.command.1.tlog
C:\Users\vaxoa\OneDrive\Documents\GitHub\WINAPI\new EditBox 1\Debug\link.read.1.tlog
C:\Users\vaxoa\OneDrive\Documents\GitHub\WINAPI\new EditBox 1\Debug\link.write.1.tlog
C:\Users\vaxoa\OneDrive\Documents\GitHub\WINAPI\new EditBox 1\Debug\link-cvtres.read.1.tlog
C:\Users\vaxoa\OneDrive\Documents\GitHub\WINAPI\new EditBox 1\Debug\link-cvtres.write.1.tlog
C:\USERS\VAXOA\ONEDRIVE\DOCUMENTS\GITHUB\WINAPI\NEW EDITBOX 1\DEBUG\MAIN.BSC
C:\USERS\VAXOA\ONEDRIVE\DOCUMENTS\GITHUB\WINAPI\NEW EDITBOX 1\DEBUG\MAIN.EXE
C:\USERS\VAXOA\ONEDRIVE\DOCUMENTS\GITHUB\WINAPI\NEW EDITBOX 1\DEBUG\MAIN.EXE.EMBED.MANIFEST
C:\USERS\VAXOA\ONEDRIVE\DOCUMENTS\GITHUB\WINAPI\NEW EDITBOX 1\DEBUG\MAIN.EXE.EMBED.MANIFEST.RES
C:\USERS\VAXOA\ONEDRIVE\DOCUMENTS\GITHUB\WINAPI\NEW EDITBOX 1\DEBUG\MAIN.EXE.INTERMEDIATE.MANIFEST
C:\USERS\VAXOA\ONEDRIVE\DOCUMENTS\GITHUB\WINAPI\NEW EDITBOX 1\DEBUG\MAIN.ILK
C:\USERS\VAXOA\ONEDRIVE\DOCUMENTS\GITHUB\WINAPI\NEW EDITBOX 1\DEBUG\MAIN.OBJ
C:\USERS\VAXOA\ONEDRIVE\DOCUMENTS\GITHUB\WINAPI\NEW EDITBOX 1\DEBUG\MAIN.PDB
C:\USERS\VAXOA\ONEDRIVE\DOCUMENTS\GITHUB\WINAPI\NEW EDITBOX 1\DEBUG\MAIN.SBR
C:\Users\vaxoa\OneDrive\Documents\GitHub\WINAPI\new EditBox 1\Debug\main.write.1.tlog
C:\Users\vaxoa\OneDrive\Documents\GitHub\WINAPI\new EditBox 1\Debug\main_manifest.rc
C:\Users\vaxoa\OneDrive\Documents\GitHub\WINAPI\new EditBox 1\Debug\mt.command.1.tlog
C:\Users\vaxoa\OneDrive\Documents\GitHub\WINAPI\new EditBox 1\Debug\mt.read.1.tlog
C:\Users\vaxoa\OneDrive\Documents\GitHub\WINAPI\new EditBox 1\Debug\mt.write.1.tlog
C:\Users\vaxoa\OneDrive\Documents\GitHub\WINAPI\new EditBox 1\Debug\rc.command.1.tlog
C:\Users\vaxoa\OneDrive\Documents\GitHub\WINAPI\new EditBox 1\Debug\rc.read.1.tlog
C:\Users\vaxoa\OneDrive\Documents\GitHub\WINAPI\new EditBox 1\Debug\rc.write.1.tlog
C:\USERS\VAXOA\ONEDRIVE\DOCUMENTS\GITHUB\WINAPI\NEW EDITBOX 1\DEBUG\TOOLBAR.OBJ
C:\USERS\VAXOA\ONEDRIVE\DOCUMENTS\GITHUB\WINAPI\NEW EDITBOX 1\DEBUG\TOOLBAR.SBR
C:\Users\vaxoa\OneDrive\Documents\GitHub\WINAPI\new EditBox 1\Debug\vc100.idb
C:\USERS\VAXOA\ONEDRIVE\DOCUMENTS\GITHUB\WINAPI\NEW EDITBOX 1\DEBUG\VC100.PDB
